# JRE version: Java(TM) SE Runtime Environment (12.0.2+10) (build 12.0.2+10)
# Java VM: Java HotSpot(TM) 64-Bit Server VM (12.0.2+10, mixed mode, sharing, tiered, compressed oops, g1 gc, windows-amd64)
Heap:
 garbage-first heap   total 642048K, used 233192K [0x00000000c1c00000, 0x0000000100000000)
  region size 1024K, 226 young (231424K), 6 survivors (6144K)
 Metaspace       used 9105K, capacity 9778K, committed 9984K, reserved 1058816K
  class space    used 561K, capacity 670K, committed 768K, reserved 1048576K
GC Heap History (10 events):
Event: 40.663 GC heap before
{Heap before GC invocations=7 (full 0):
 garbage-first heap   total 642048K, used 120432K [0x00000000c1c00000, 0x0000000100000000)
  region size 1024K, 115 young (117760K), 1 survivors (1024K)
 Metaspace       used 9104K, capacity 9778K, committed 9984K, reserved 1058816K
  class space    used 561K, capacity 670K, committed 768K, reserved 1048576K
}
Event: 40.703 GC heap after
{Heap after GC invocations=8 (full 0):
 garbage-first heap   total 642048K, used 5187K [0x00000000c1c00000, 0x0000000100000000)
  region size 1024K, 3 young (3072K), 3 survivors (3072K)
 Metaspace       used 9104K, capacity 9778K, committed 9984K, reserved 1058816K
  class space    used 561K, capacity 670K, committed 768K, reserved 1048576K
}
Event: 70.939 GC heap before
{Heap before GC invocations=8 (full 0):
 garbage-first heap   total 642048K, used 174147K [0x00000000c1c00000, 0x0000000100000000)
  region size 1024K, 168 young (172032K), 3 survivors (3072K)
 Metaspace       used 9104K, capacity 9778K, committed 9984K, reserved 1058816K
  class space    used 561K, capacity 670K, committed 768K, reserved 1048576K
}
Event: 70.954 GC heap after
{Heap after GC invocations=9 (full 0):
 garbage-first heap   total 642048K, used 6408K [0x00000000c1c00000, 0x0000000100000000)
  region size 1024K, 4 young (4096K), 4 survivors (4096K)
 Metaspace       used 9104K, capacity 9778K, committed 9984K, reserved 1058816K
  class space    used 561K, capacity 670K, committed 768K, reserved 1048576K
}
Event: 148.817 GC heap before
{Heap before GC invocations=9 (full 0):
 garbage-first heap   total 642048K, used 387336K [0x00000000c1c00000, 0x0000000100000000)
  region size 1024K, 376 young (385024K), 4 survivors (4096K)
 Metaspace       used 9105K, capacity 9778K, committed 9984K, reserved 1058816K
  class space    used 561K, capacity 670K, committed 768K, reserved 1048576K
}
Event: 148.982 GC heap after
{Heap after GC invocations=10 (full 0):
 garbage-first heap   total 642048K, used 9607K [0x00000000c1c00000, 0x0000000100000000)
  region size 1024K, 7 young (7168K), 7 survivors (7168K)
 Metaspace       used 9105K, capacity 9778K, committed 9984K, reserved 1058816K
  class space    used 561K, capacity 670K, committed 768K, reserved 1048576K
}
Event: 232.028 GC heap before
{Heap before GC invocations=10 (full 0):
 garbage-first heap   total 642048K, used 387463K [0x00000000c1c00000, 0x0000000100000000)
  region size 1024K, 376 young (385024K), 7 survivors (7168K)
 Metaspace       used 9105K, capacity 9778K, committed 9984K, reserved 1058816K
  class space    used 561K, capacity 670K, committed 768K, reserved 1048576K
}
Event: 232.518 GC heap after
{Heap after GC invocations=11 (full 0):
 garbage-first heap   total 642048K, used 10043K [0x00000000c1c00000, 0x0000000100000000)
  region size 1024K, 7 young (7168K), 7 survivors (7168K)
 Metaspace       used 9105K, capacity 9778K, committed 9984K, reserved 1058816K
  class space    used 561K, capacity 670K, committed 768K, reserved 1048576K
}
Event: 297.260 GC heap before
{Heap before GC invocations=11 (full 0):
 garbage-first heap   total 642048K, used 307003K [0x00000000c1c00000, 0x0000000100000000)
  region size 1024K, 297 young (304128K), 7 survivors (7168K)
 Metaspace       used 9105K, capacity 9778K, committed 9984K, reserved 1058816K
  class space    used 561K, capacity 670K, committed 768K, reserved 1048576K
}
Event: 297.753 GC heap after
{Heap after GC invocations=12 (full 0):
 garbage-first heap   total 642048K, used 8936K [0x00000000c1c00000, 0x0000000100000000)
  region size 1024K, 6 young (6144K), 6 survivors (6144K)
 Metaspace       used 9105K, capacity 9778K, committed 9984K, reserved 1058816K
  class space    used 561K, capacity 670K, committed 768K, reserved 1048576K
}

